TN:
SF:controllers\auth\index.js
FN:10,registration
FN:30,login
FN:58,logout
FN:67,getCurrent
FN:80,updateSubscription
FN:97,uploadAvatar
FNF:6
FNH:1
FNDA:0,registration
FNDA:3,login
FNDA:0,logout
FNDA:0,getCurrent
FNDA:0,updateSubscription
FNDA:0,uploadAvatar
DA:1,1
DA:2,1
DA:3,1
DA:4,1
DA:5,1
DA:6,1
DA:7,1
DA:8,1
DA:9,1
DA:10,1
DA:11,0
DA:12,0
DA:13,0
DA:14,0
DA:15,0
DA:16,0
DA:17,0
DA:18,0
DA:19,0
DA:20,0
DA:21,0
DA:22,0
DA:23,0
DA:24,0
DA:25,0
DA:26,0
DA:27,0
DA:28,1
DA:29,1
DA:30,1
DA:31,3
DA:32,3
DA:33,3
DA:34,2
DA:35,3
DA:36,1
DA:37,1
DA:38,1
DA:39,1
DA:40,1
DA:41,1
DA:42,1
DA:43,1
DA:44,1
DA:45,1
DA:46,1
DA:47,1
DA:48,1
DA:49,1
DA:50,1
DA:51,1
DA:52,1
DA:53,1
DA:54,1
DA:55,1
DA:56,1
DA:57,1
DA:58,1
DA:59,0
DA:60,0
DA:61,0
DA:62,0
DA:63,0
DA:64,0
DA:65,1
DA:66,1
DA:67,1
DA:68,0
DA:69,0
DA:70,0
DA:71,0
DA:72,0
DA:73,0
DA:74,0
DA:75,0
DA:76,0
DA:77,0
DA:78,1
DA:79,1
DA:80,1
DA:81,0
DA:82,0
DA:83,0
DA:84,0
DA:85,0
DA:86,0
DA:87,0
DA:88,0
DA:89,0
DA:90,0
DA:91,0
DA:92,0
DA:93,0
DA:94,0
DA:95,1
DA:96,1
DA:97,1
DA:98,0
DA:99,0
DA:100,0
DA:101,0
DA:102,0
DA:103,0
DA:104,0
DA:105,0
DA:106,0
DA:107,0
DA:108,0
DA:109,0
DA:110,0
DA:111,0
DA:112,0
DA:113,1
DA:114,1
DA:115,1
DA:116,1
DA:117,1
DA:118,1
DA:119,1
DA:120,1
DA:121,1
DA:122,1
LF:122
LH:60
BRDA:1,0,0,1
BRDA:30,1,0,3
BRDA:34,2,0,2
BRDA:35,3,0,1
BRF:4
BRH:4
end_of_record
TN:
SF:lib\constants.js
FNF:0
FNH:0
DA:1,1
DA:2,1
DA:3,1
DA:4,1
DA:5,1
DA:6,1
DA:7,1
DA:8,1
DA:9,1
DA:10,1
DA:11,1
DA:12,1
DA:13,1
DA:14,1
DA:15,1
DA:16,1
DA:17,1
DA:18,1
DA:19,1
DA:20,1
LF:20
LH:20
BRDA:1,0,0,1
BRF:1
BRH:1
end_of_record
TN:
SF:model\user.js
FN:30,default
FN:48,transform
FN:64,userSchema.methods.isValidPassword
FNF:3
FNH:0
FNDA:0,default
FNDA:0,transform
FNDA:0,userSchema.methods.isValidPassword
DA:1,1
DA:2,1
DA:3,1
DA:4,1
DA:5,1
DA:6,1
DA:7,1
DA:8,1
DA:9,1
DA:10,1
DA:11,1
DA:12,1
DA:13,1
DA:14,1
DA:15,1
DA:16,1
DA:17,1
DA:18,1
DA:19,1
DA:20,1
DA:21,1
DA:22,1
DA:23,1
DA:24,1
DA:25,1
DA:26,1
DA:27,1
DA:28,1
DA:29,1
DA:30,1
DA:31,0
DA:32,1
DA:33,1
DA:34,1
DA:35,1
DA:36,1
DA:37,1
DA:38,1
DA:39,1
DA:40,1
DA:41,1
DA:42,1
DA:43,1
DA:44,1
DA:45,1
DA:46,1
DA:47,1
DA:48,1
DA:49,0
DA:50,0
DA:51,1
DA:52,1
DA:53,1
DA:54,1
DA:55,1
DA:56,1
DA:57,0
DA:58,0
DA:59,0
DA:60,0
DA:61,0
DA:62,1
DA:63,1
DA:64,1
DA:65,0
DA:66,1
DA:67,1
DA:68,1
DA:69,1
LF:69
LH:60
BRDA:1,0,0,1
BRF:1
BRH:1
end_of_record
TN:
SF:repository\users.js
FN:3,findByEmail
FN:7,create
FN:12,updateUserSubscription
FN:20,updateToken
FN:23,updateAvatar
FN:27,findById
FNF:6
FNH:0
FNDA:0,findByEmail
FNDA:0,create
FNDA:0,updateUserSubscription
FNDA:0,updateToken
FNDA:0,updateAvatar
FNDA:0,findById
DA:1,1
DA:2,1
DA:3,1
DA:4,0
DA:5,1
DA:6,1
DA:7,1
DA:8,0
DA:9,0
DA:10,1
DA:11,1
DA:12,1
DA:13,0
DA:14,0
DA:15,0
DA:16,0
DA:17,0
DA:18,1
DA:19,1
DA:20,1
DA:21,0
DA:22,1
DA:23,1
DA:24,0
DA:25,1
DA:26,1
DA:27,1
DA:28,0
DA:29,1
DA:30,1
DA:31,1
DA:32,1
DA:33,1
DA:34,1
DA:35,1
DA:36,1
DA:37,1
DA:38,1
LF:38
LH:27
BRDA:1,0,0,1
BRF:1
BRH:1
end_of_record
TN:
SF:services\auth\index.js
FN:6,isUserExist
FN:11,create
FN:23,getUser
FN:32,updateUserSubscription
FN:37,getToken
FN:44,setToken
FNF:6
FNH:0
FNDA:0,isUserExist
FNDA:0,create
FNDA:0,getUser
FNDA:0,updateUserSubscription
FNDA:0,getToken
FNDA:0,setToken
DA:1,1
DA:2,1
DA:3,1
DA:4,1
DA:5,1
DA:6,1
DA:7,0
DA:8,0
DA:9,0
DA:10,1
DA:11,1
DA:12,0
DA:13,0
DA:14,0
DA:15,0
DA:16,0
DA:17,0
DA:18,0
DA:19,0
DA:20,0
DA:21,0
DA:22,1
DA:23,1
DA:24,0
DA:25,0
DA:26,0
DA:27,0
DA:28,0
DA:29,0
DA:30,0
DA:31,1
DA:32,1
DA:33,0
DA:34,0
DA:35,0
DA:36,1
DA:37,1
DA:38,0
DA:39,0
DA:40,0
DA:41,0
DA:42,0
DA:43,1
DA:44,1
DA:45,0
DA:46,0
DA:47,1
DA:48,1
DA:49,1
LF:49
LH:19
BRDA:1,0,0,1
BRF:1
BRH:1
end_of_record
TN:
SF:services\file-storage\cloud-storage.js
FN:2,CloudStorage
FN:4,save
FNF:2
FNH:0
FNDA:0,CloudStorage
FNDA:0,save
DA:1,1
DA:2,1
DA:3,1
DA:4,1
DA:5,1
DA:6,1
DA:7,1
LF:7
LH:7
BRDA:1,0,0,1
BRF:1
BRH:1
end_of_record
TN:
SF:services\file-storage\index.js
FNF:0
FNH:0
DA:1,1
DA:2,1
DA:3,1
DA:4,1
DA:5,1
LF:5
LH:5
BRDA:1,0,0,1
BRF:1
BRH:1
end_of_record
TN:
SF:services\file-storage\local-storage.js
FN:6,LocalStorage
FN:13,save
FNF:2
FNH:0
FNDA:0,LocalStorage
FNDA:0,save
DA:1,1
DA:2,1
DA:3,1
DA:4,1
DA:5,1
DA:6,1
DA:7,0
DA:8,0
DA:9,0
DA:10,0
DA:11,0
DA:12,1
DA:13,1
DA:14,0
DA:15,0
DA:16,0
DA:17,0
DA:18,0
DA:19,0
DA:20,0
DA:21,0
DA:22,0
DA:23,1
DA:24,1
DA:25,1
LF:25
LH:11
BRDA:1,0,0,1
BRF:1
BRH:1
end_of_record
TN:
SF:services\file-storage\storage.js
FN:4,FileStorage
FN:9,updateAvatar
FN:15,transformAvatar
FNF:3
FNH:0
FNDA:0,FileStorage
FNDA:0,updateAvatar
FNDA:0,transformAvatar
DA:1,1
DA:2,1
DA:3,1
DA:4,1
DA:5,0
DA:6,0
DA:7,0
DA:8,1
DA:9,1
DA:10,0
DA:11,0
DA:12,0
DA:13,0
DA:14,1
DA:15,1
DA:16,0
DA:17,0
DA:18,0
DA:19,0
DA:20,0
DA:21,0
DA:22,0
DA:23,0
DA:24,0
DA:25,0
DA:26,1
DA:27,1
DA:28,1
LF:28
LH:11
BRDA:1,0,0,1
BRF:1
BRH:1
end_of_record
